2024-07-31T14:35:06.920+0300 [DEBUG] [org.gradle.launcher.daemon.bootstrap.DaemonMain] Assuming the daemon was started with following jvm opts: [--add-opens=java.base/java.util=ALL-UNNAMED, --add-opens=java.base/java.lang=ALL-UNNAMED, --add-opens=java.base/java.lang.invoke=ALL-UNNAMED, --add-opens=java.prefs/java.util.prefs=ALL-UNNAMED, --add-opens=java.base/java.nio.charset=ALL-UNNAMED, --add-opens=java.base/java.net=ALL-UNNAMED, --add-opens=java.base/java.util.concurrent.atomic=ALL-UNNAMED, -Xmx2048m, -Dfile.encoding=UTF-8, -Duser.country=US, -Duser.language=en, -Duser.variant]
2024-07-31T14:35:07.060+0300 [DEBUG] [org.gradle.internal.nativeintegration.services.NativeServices] Native-platform posix files integration is not available. Continuing with fallback.
2024-07-31T14:35:07.070+0300 [INFO] [org.gradle.launcher.daemon.server.Daemon] start() called on daemon - DefaultDaemonContext[uid=4279ad31-e768-4cf8-95f0-3d7f23614de4,javaHome=C:\Program Files\Android\Android Studio\jbr,daemonRegistryDir=E:\Internship 2024\github\CodeBloodedProject\daemon,pid=6096,idleTimeout=10800000,priority=NORMAL,applyInstrumentationAgent=true,daemonOpts=--add-opens=java.base/java.util=ALL-UNNAMED,--add-opens=java.base/java.lang=ALL-UNNAMED,--add-opens=java.base/java.lang.invoke=ALL-UNNAMED,--add-opens=java.prefs/java.util.prefs=ALL-UNNAMED,--add-opens=java.base/java.nio.charset=ALL-UNNAMED,--add-opens=java.base/java.net=ALL-UNNAMED,--add-opens=java.base/java.util.concurrent.atomic=ALL-UNNAMED,-Xmx2048m,-Dfile.encoding=UTF-8,-Duser.country=US,-Duser.language=en,-Duser.variant]
2024-07-31T14:35:07.145+0300 [DEBUG] [org.gradle.internal.remote.internal.inet.InetAddresses] Adding IP addresses for network interface Software Loopback Interface 1
2024-07-31T14:35:07.147+0300 [DEBUG] [org.gradle.internal.remote.internal.inet.InetAddresses] Is this a loopback interface? true
2024-07-31T14:35:07.148+0300 [DEBUG] [org.gradle.internal.remote.internal.inet.InetAddresses] Adding loopback address /127.0.0.1
2024-07-31T14:35:07.148+0300 [DEBUG] [org.gradle.internal.remote.internal.inet.InetAddresses] Adding loopback address /0:0:0:0:0:0:0:1
2024-07-31T14:35:07.148+0300 [DEBUG] [org.gradle.internal.remote.internal.inet.InetAddresses] Adding IP addresses for network interface WAN Miniport (SSTP)
2024-07-31T14:35:07.150+0300 [DEBUG] [org.gradle.internal.remote.internal.inet.InetAddresses] Is this a loopback interface? false
2024-07-31T14:35:07.150+0300 [DEBUG] [org.gradle.internal.remote.internal.inet.InetAddresses] Adding IP addresses for network interface WAN Miniport (PPPOE)
2024-07-31T14:35:07.152+0300 [DEBUG] [org.gradle.internal.remote.internal.inet.InetAddresses] Is this a loopback interface? false
2024-07-31T14:35:07.152+0300 [DEBUG] [org.gradle.internal.remote.internal.inet.InetAddresses] Adding IP addresses for network interface Microsoft 6to4 Adapter
2024-07-31T14:35:07.154+0300 [DEBUG] [org.gradle.internal.remote.internal.inet.InetAddresses] Is this a loopback interface? false
2024-07-31T14:35:07.154+0300 [DEBUG] [org.gradle.internal.remote.internal.inet.InetAddresses] Adding IP addresses for network interface WAN Miniport (Network Monitor)
2024-07-31T14:35:07.156+0300 [DEBUG] [org.gradle.internal.remote.internal.inet.InetAddresses] Is this a loopback interface? false
2024-07-31T14:35:07.157+0300 [DEBUG] [org.gradle.internal.remote.internal.inet.InetAddresses] Adding IP addresses for network interface WAN Miniport (IKEv2)
2024-07-31T14:35:07.159+0300 [DEBUG] [org.gradle.internal.remote.internal.inet.InetAddresses] Is this a loopback interface? false
2024-07-31T14:35:07.159+0300 [DEBUG] [org.gradle.internal.remote.internal.inet.InetAddresses] Adding IP addresses for network interface Microsoft IP-HTTPS Platform Adapter
2024-07-31T14:35:07.161+0300 [DEBUG] [org.gradle.internal.remote.internal.inet.InetAddresses] Is this a loopback interface? false
2024-07-31T14:35:07.161+0300 [DEBUG] [org.gradle.internal.remote.internal.inet.InetAddresses] Adding IP addresses for network interface Microsoft Kernel Debug Network Adapter
2024-07-31T14:35:07.163+0300 [DEBUG] [org.gradle.internal.remote.internal.inet.InetAddresses] Is this a loopback interface? false
2024-07-31T14:35:07.163+0300 [DEBUG] [org.gradle.internal.remote.internal.inet.InetAddresses] Adding IP addresses for network interface VMware Virtual Ethernet Adapter for VMnet1
2024-07-31T14:35:07.165+0300 [DEBUG] [org.gradle.internal.remote.internal.inet.InetAddresses] Is this a loopback interface? false
2024-07-31T14:35:07.165+0300 [DEBUG] [org.gradle.internal.remote.internal.inet.InetAddresses] Adding remote address /192.168.12.1
2024-07-31T14:35:07.165+0300 [DEBUG] [org.gradle.internal.remote.internal.inet.InetAddresses] Adding remote address /fe80:0:0:0:6366:5749:1d26:2671%eth2
2024-07-31T14:35:07.166+0300 [DEBUG] [org.gradle.internal.remote.internal.inet.InetAddresses] Adding IP addresses for network interface WAN Miniport (IPv6)
2024-07-31T14:35:07.167+0300 [DEBUG] [org.gradle.internal.remote.internal.inet.InetAddresses] Is this a loopback interface? false
2024-07-31T14:35:07.168+0300 [DEBUG] [org.gradle.internal.remote.internal.inet.InetAddresses] Adding IP addresses for network interface WAN Miniport (IP)
2024-07-31T14:35:07.169+0300 [DEBUG] [org.gradle.internal.remote.internal.inet.InetAddresses] Is this a loopback interface? false
2024-07-31T14:35:07.170+0300 [DEBUG] [org.gradle.internal.remote.internal.inet.InetAddresses] Adding IP addresses for network interface WAN Miniport (PPTP)
2024-07-31T14:35:07.172+0300 [DEBUG] [org.gradle.internal.remote.internal.inet.InetAddresses] Is this a loopback interface? false
2024-07-31T14:35:07.172+0300 [DEBUG] [org.gradle.internal.remote.internal.inet.InetAddresses] Adding IP addresses for network interface Microsoft Teredo Tunneling Adapter
2024-07-31T14:35:07.174+0300 [DEBUG] [org.gradle.internal.remote.internal.inet.InetAddresses] Is this a loopback interface? false
2024-07-31T14:35:07.174+0300 [DEBUG] [org.gradle.internal.remote.internal.inet.InetAddresses] Adding IP addresses for network interface Microsoft Wi-Fi Direct Virtual Adapter
2024-07-31T14:35:07.177+0300 [DEBUG] [org.gradle.internal.remote.internal.inet.InetAddresses] Is this a loopback interface? false
2024-07-31T14:35:07.177+0300 [DEBUG] [org.gradle.internal.remote.internal.inet.InetAddresses] Adding remote address /fe80:0:0:0:d3ee:cfe3:7a87:15b1%wlan0
2024-07-31T14:35:07.177+0300 [DEBUG] [org.gradle.internal.remote.internal.inet.InetAddresses] Adding IP addresses for network interface Intel(R) Wi-Fi 6E AX211 160MHz
2024-07-31T14:35:07.180+0300 [DEBUG] [org.gradle.internal.remote.internal.inet.InetAddresses] Is this a loopback interface? false
2024-07-31T14:35:07.180+0300 [DEBUG] [org.gradle.internal.remote.internal.inet.InetAddresses] Adding remote address /172.20.10.5
2024-07-31T14:35:07.180+0300 [DEBUG] [org.gradle.internal.remote.internal.inet.InetAddresses] Adding remote address /fe80:0:0:0:62b1:726b:f34b:54f2%wlan1
2024-07-31T14:35:07.180+0300 [DEBUG] [org.gradle.internal.remote.internal.inet.InetAddresses] Adding IP addresses for network interface Bluetooth Device (Personal Area Network)
2024-07-31T14:35:07.182+0300 [DEBUG] [org.gradle.internal.remote.internal.inet.InetAddresses] Is this a loopback interface? false
2024-07-31T14:35:07.183+0300 [DEBUG] [org.gradle.internal.remote.internal.inet.InetAddresses] Adding remote address /fe80:0:0:0:a551:f6a1:df89:5609%eth5
2024-07-31T14:35:07.183+0300 [DEBUG] [org.gradle.internal.remote.internal.inet.InetAddresses] Adding IP addresses for network interface WAN Miniport (L2TP)
2024-07-31T14:35:07.185+0300 [DEBUG] [org.gradle.internal.remote.internal.inet.InetAddresses] Is this a loopback interface? false
2024-07-31T14:35:07.185+0300 [DEBUG] [org.gradle.internal.remote.internal.inet.InetAddresses] Adding IP addresses for network interface Microsoft Wi-Fi Direct Virtual Adapter #2
2024-07-31T14:35:07.187+0300 [DEBUG] [org.gradle.internal.remote.internal.inet.InetAddresses] Is this a loopback interface? false
2024-07-31T14:35:07.187+0300 [DEBUG] [org.gradle.internal.remote.internal.inet.InetAddresses] Adding IP addresses for network interface VirtualBox Host-Only Ethernet Adapter
2024-07-31T14:35:07.190+0300 [DEBUG] [org.gradle.internal.remote.internal.inet.InetAddresses] Is this a loopback interface? false
2024-07-31T14:35:07.190+0300 [DEBUG] [org.gradle.internal.remote.internal.inet.InetAddresses] Adding remote address /192.168.56.1
2024-07-31T14:35:07.190+0300 [DEBUG] [org.gradle.internal.remote.internal.inet.InetAddresses] Adding remote address /fe80:0:0:0:7e58:1344:f275:f589%eth6
2024-07-31T14:35:07.190+0300 [DEBUG] [org.gradle.internal.remote.internal.inet.InetAddresses] Adding IP addresses for network interface VMware Virtual Ethernet Adapter for VMnet8
2024-07-31T14:35:07.193+0300 [DEBUG] [org.gradle.internal.remote.internal.inet.InetAddresses] Is this a loopback interface? false
2024-07-31T14:35:07.193+0300 [DEBUG] [org.gradle.internal.remote.internal.inet.InetAddresses] Adding remote address /192.168.142.1
2024-07-31T14:35:07.193+0300 [DEBUG] [org.gradle.internal.remote.internal.inet.InetAddresses] Adding remote address /fe80:0:0:0:ce35:a07f:e7a8:2e06%eth7
2024-07-31T14:35:07.193+0300 [DEBUG] [org.gradle.internal.remote.internal.inet.InetAddresses] Adding IP addresses for network interface VirtualBox Host-Only Ethernet Adapter-WFP Native MAC Layer LightWeight Filter-0000
2024-07-31T14:35:07.195+0300 [DEBUG] [org.gradle.internal.remote.internal.inet.InetAddresses] Is this a loopback interface? false
2024-07-31T14:35:07.195+0300 [DEBUG] [org.gradle.internal.remote.internal.inet.InetAddresses] Adding IP addresses for network interface VirtualBox Host-Only Ethernet Adapter-Npcap Packet Driver (NPCAP)-0000
2024-07-31T14:35:07.197+0300 [DEBUG] [org.gradle.internal.remote.internal.inet.InetAddresses] Is this a loopback interface? false
2024-07-31T14:35:07.198+0300 [DEBUG] [org.gradle.internal.remote.internal.inet.InetAddresses] Adding IP addresses for network interface VirtualBox Host-Only Ethernet Adapter-QoS Packet Scheduler-0000
2024-07-31T14:35:07.200+0300 [DEBUG] [org.gradle.internal.remote.internal.inet.InetAddresses] Is this a loopback interface? false
2024-07-31T14:35:07.200+0300 [DEBUG] [org.gradle.internal.remote.internal.inet.InetAddresses] Adding IP addresses for network interface VMware Virtual Ethernet Adapter for VMnet1-Npcap Packet Driver (NPCAP)-0000
2024-07-31T14:35:07.202+0300 [DEBUG] [org.gradle.internal.remote.internal.inet.InetAddresses] Is this a loopback interface? false
2024-07-31T14:35:07.202+0300 [DEBUG] [org.gradle.internal.remote.internal.inet.InetAddresses] Adding IP addresses for network interface VirtualBox Host-Only Ethernet Adapter-WFP 802.3 MAC Layer LightWeight Filter-0000
2024-07-31T14:35:07.204+0300 [DEBUG] [org.gradle.internal.remote.internal.inet.InetAddresses] Is this a loopback interface? false
2024-07-31T14:35:07.204+0300 [DEBUG] [org.gradle.internal.remote.internal.inet.InetAddresses] Adding IP addresses for network interface VMware Virtual Ethernet Adapter for VMnet8-Npcap Packet Driver (NPCAP)-0000
2024-07-31T14:35:07.206+0300 [DEBUG] [org.gradle.internal.remote.internal.inet.InetAddresses] Is this a loopback interface? false
2024-07-31T14:35:07.206+0300 [DEBUG] [org.gradle.internal.remote.internal.inet.InetAddresses] Adding IP addresses for network interface Bluetooth Device (Personal Area Network)-Npcap Packet Driver (NPCAP)-0000
2024-07-31T14:35:07.208+0300 [DEBUG] [org.gradle.internal.remote.internal.inet.InetAddresses] Is this a loopback interface? false
2024-07-31T14:35:07.208+0300 [DEBUG] [org.gradle.internal.remote.internal.inet.InetAddresses] Adding IP addresses for network interface Intel(R) Wi-Fi 6E AX211 160MHz-WFP Native MAC Layer LightWeight Filter-0000
2024-07-31T14:35:07.210+0300 [DEBUG] [org.gradle.internal.remote.internal.inet.InetAddresses] Is this a loopback interface? false
2024-07-31T14:35:07.210+0300 [DEBUG] [org.gradle.internal.remote.internal.inet.InetAddresses] Adding IP addresses for network interface Intel(R) Wi-Fi 6E AX211 160MHz-Virtual WiFi Filter Driver-0000
2024-07-31T14:35:07.211+0300 [DEBUG] [org.gradle.internal.remote.internal.inet.InetAddresses] Is this a loopback interface? false
2024-07-31T14:35:07.212+0300 [DEBUG] [org.gradle.internal.remote.internal.inet.InetAddresses] Adding IP addresses for network interface Intel(R) Wi-Fi 6E AX211 160MHz-Native WiFi Filter Driver-0000
2024-07-31T14:35:07.213+0300 [DEBUG] [org.gradle.internal.remote.internal.inet.InetAddresses] Is this a loopback interface? false
2024-07-31T14:35:07.213+0300 [DEBUG] [org.gradle.internal.remote.internal.inet.InetAddresses] Adding IP addresses for network interface Intel(R) Wi-Fi 6E AX211 160MHz-Npcap Packet Driver (NPCAP)-0000
2024-07-31T14:35:07.215+0300 [DEBUG] [org.gradle.internal.remote.internal.inet.InetAddresses] Is this a loopback interface? false
2024-07-31T14:35:07.215+0300 [DEBUG] [org.gradle.internal.remote.internal.inet.InetAddresses] Adding IP addresses for network interface Intel(R) Wi-Fi 6E AX211 160MHz-VirtualBox NDIS Light-Weight Filter-0000
2024-07-31T14:35:07.216+0300 [DEBUG] [org.gradle.internal.remote.internal.inet.InetAddresses] Is this a loopback interface? false
2024-07-31T14:35:07.216+0300 [DEBUG] [org.gradle.internal.remote.internal.inet.InetAddresses] Adding IP addresses for network interface Intel(R) Wi-Fi 6E AX211 160MHz-QoS Packet Scheduler-0000
2024-07-31T14:35:07.218+0300 [DEBUG] [org.gradle.internal.remote.internal.inet.InetAddresses] Is this a loopback interface? false
2024-07-31T14:35:07.218+0300 [DEBUG] [org.gradle.internal.remote.internal.inet.InetAddresses] Adding IP addresses for network interface Intel(R) Wi-Fi 6E AX211 160MHz-WFP 802.3 MAC Layer LightWeight Filter-0000
2024-07-31T14:35:07.219+0300 [DEBUG] [org.gradle.internal.remote.internal.inet.InetAddresses] Is this a loopback interface? false
2024-07-31T14:35:07.219+0300 [DEBUG] [org.gradle.internal.remote.internal.inet.InetAddresses] Adding IP addresses for network interface Microsoft Wi-Fi Direct Virtual Adapter-WFP Native MAC Layer LightWeight Filter-0000
2024-07-31T14:35:07.221+0300 [DEBUG] [org.gradle.internal.remote.internal.inet.InetAddresses] Is this a loopback interface? false
2024-07-31T14:35:07.222+0300 [DEBUG] [org.gradle.internal.remote.internal.inet.InetAddresses] Adding IP addresses for network interface Microsoft Wi-Fi Direct Virtual Adapter-Native WiFi Filter Driver-0000
2024-07-31T14:35:07.223+0300 [DEBUG] [org.gradle.internal.remote.internal.inet.InetAddresses] Is this a loopback interface? false
2024-07-31T14:35:07.223+0300 [DEBUG] [org.gradle.internal.remote.internal.inet.InetAddresses] Adding IP addresses for network interface Microsoft Wi-Fi Direct Virtual Adapter-Npcap Packet Driver (NPCAP)-0000
2024-07-31T14:35:07.225+0300 [DEBUG] [org.gradle.internal.remote.internal.inet.InetAddresses] Is this a loopback interface? false
2024-07-31T14:35:07.225+0300 [DEBUG] [org.gradle.internal.remote.internal.inet.InetAddresses] Adding IP addresses for network interface Microsoft Wi-Fi Direct Virtual Adapter-VirtualBox NDIS Light-Weight Filter-0000
2024-07-31T14:35:07.226+0300 [DEBUG] [org.gradle.internal.remote.internal.inet.InetAddresses] Is this a loopback interface? false
2024-07-31T14:35:07.226+0300 [DEBUG] [org.gradle.internal.remote.internal.inet.InetAddresses] Adding IP addresses for network interface Microsoft Wi-Fi Direct Virtual Adapter-QoS Packet Scheduler-0000
2024-07-31T14:35:07.228+0300 [DEBUG] [org.gradle.internal.remote.internal.inet.InetAddresses] Is this a loopback interface? false
2024-07-31T14:35:07.228+0300 [DEBUG] [org.gradle.internal.remote.internal.inet.InetAddresses] Adding IP addresses for network interface Microsoft Wi-Fi Direct Virtual Adapter-WFP 802.3 MAC Layer LightWeight Filter-0000
2024-07-31T14:35:07.230+0300 [DEBUG] [org.gradle.internal.remote.internal.inet.InetAddresses] Is this a loopback interface? false
2024-07-31T14:35:07.234+0300 [DEBUG] [org.gradle.internal.remote.internal.inet.TcpIncomingConnector] Listening on [db61f415-08b7-486a-a0f8-87932be6fef4 port:49982, addresses:[localhost/127.0.0.1]].
2024-07-31T14:35:07.246+0300 [DEBUG] [org.gradle.launcher.daemon.server.Daemon] Daemon starting at: Wed Jul 31 14:35:07 EEST 2024, with address: [db61f415-08b7-486a-a0f8-87932be6fef4 port:49982, addresses:[localhost/127.0.0.1]]
2024-07-31T14:35:07.246+0300 [INFO] [org.gradle.launcher.daemon.server.DaemonRegistryUpdater] Advertising the daemon address to the clients: [db61f415-08b7-486a-a0f8-87932be6fef4 port:49982, addresses:[localhost/127.0.0.1]]
2024-07-31T14:35:07.247+0300 [DEBUG] [org.gradle.launcher.daemon.server.DaemonRegistryUpdater] Advertised daemon context: DefaultDaemonContext[uid=4279ad31-e768-4cf8-95f0-3d7f23614de4,javaHome=C:\Program Files\Android\Android Studio\jbr,daemonRegistryDir=E:\Internship 2024\github\CodeBloodedProject\daemon,pid=6096,idleTimeout=10800000,priority=NORMAL,applyInstrumentationAgent=true,daemonOpts=--add-opens=java.base/java.util=ALL-UNNAMED,--add-opens=java.base/java.lang=ALL-UNNAMED,--add-opens=java.base/java.lang.invoke=ALL-UNNAMED,--add-opens=java.prefs/java.util.prefs=ALL-UNNAMED,--add-opens=java.base/java.nio.charset=ALL-UNNAMED,--add-opens=java.base/java.net=ALL-UNNAMED,--add-opens=java.base/java.util.concurrent.atomic=ALL-UNNAMED,-Xmx2048m,-Dfile.encoding=UTF-8,-Duser.country=US,-Duser.language=en,-Duser.variant]
2024-07-31T14:35:07.247+0300 [DEBUG] [org.gradle.launcher.daemon.registry.PersistentDaemonRegistry] Storing daemon address: [db61f415-08b7-486a-a0f8-87932be6fef4 port:49982, addresses:[localhost/127.0.0.1]], context: DefaultDaemonContext[uid=4279ad31-e768-4cf8-95f0-3d7f23614de4,javaHome=C:\Program Files\Android\Android Studio\jbr,daemonRegistryDir=E:\Internship 2024\github\CodeBloodedProject\daemon,pid=6096,idleTimeout=10800000,priority=NORMAL,applyInstrumentationAgent=true,daemonOpts=--add-opens=java.base/java.util=ALL-UNNAMED,--add-opens=java.base/java.lang=ALL-UNNAMED,--add-opens=java.base/java.lang.invoke=ALL-UNNAMED,--add-opens=java.prefs/java.util.prefs=ALL-UNNAMED,--add-opens=java.base/java.nio.charset=ALL-UNNAMED,--add-opens=java.base/java.net=ALL-UNNAMED,--add-opens=java.base/java.util.concurrent.atomic=ALL-UNNAMED,-Xmx2048m,-Dfile.encoding=UTF-8,-Duser.country=US,-Duser.language=en,-Duser.variant]
2024-07-31T14:35:07.254+0300 [DEBUG] [org.gradle.cache.internal.DefaultFileLockManager] Waiting to acquire exclusive lock on daemon addresses registry.
2024-07-31T14:35:07.257+0300 [DEBUG] [org.gradle.cache.internal.DefaultFileLockManager] Lock acquired on daemon addresses registry.
2024-07-31T14:35:07.260+0300 [DEBUG] [org.gradle.cache.internal.DefaultFileLockManager] Releasing lock on daemon addresses registry.
2024-07-31T14:35:07.260+0300 [LIFECYCLE] [org.gradle.launcher.daemon.server.Daemon] Daemon server started.
2024-07-31T14:35:07.261+0300 [DEBUG] [org.gradle.launcher.daemon.bootstrap.DaemonStartupCommunication] Completed writing the daemon greeting. Closing streams...
2024-07-31T14:35:07.264+0300 [DEBUG] [org.gradle.launcher.daemon.server.Daemon] stopOnExpiration() called on daemon
2024-07-31T14:35:07.265+0300 [DEBUG] [org.gradle.launcher.daemon.server.Daemon] awaitExpiration() called on daemon
2024-07-31T14:35:07.265+0300 [DEBUG] [org.gradle.launcher.daemon.server.DaemonStateCoordinator] daemon is running. Sleeping until state changes.
2024-07-31T14:35:07.267+0300 [DEBUG] [org.gradle.internal.remote.internal.inet.TcpIncomingConnector] Accepted connection from /127.0.0.1:49983 to /127.0.0.1:49982.
2024-07-31T14:35:07.307+0300 [DEBUG] [org.gradle.launcher.daemon.server.SynchronizedDispatchConnection] thread 30: received class org.gradle.launcher.daemon.protocol.Build
2024-07-31T14:35:07.307+0300 [DEBUG] [org.gradle.launcher.daemon.server.DefaultDaemonConnection] thread 30: Received non-IO message from client: Build{id=6a44dc87-0e0b-45d1-b76b-be3b52ce7b84, currentDir=E:\Internship 2024\github\CodeBloodedProject}
2024-07-31T14:35:07.308+0300 [INFO] [org.gradle.launcher.daemon.server.DefaultIncomingConnectionHandler] Received command: Build{id=6a44dc87-0e0b-45d1-b76b-be3b52ce7b84, currentDir=E:\Internship 2024\github\CodeBloodedProject}.
2024-07-31T14:35:07.308+0300 [DEBUG] [org.gradle.launcher.daemon.server.DefaultIncomingConnectionHandler] Starting executing command: Build{id=6a44dc87-0e0b-45d1-b76b-be3b52ce7b84, currentDir=E:\Internship 2024\github\CodeBloodedProject} with connection: socket connection from /127.0.0.1:49982 to /127.0.0.1:49983.
2024-07-31T14:35:07.309+0300 [DEBUG] [org.gradle.launcher.daemon.server.DaemonStateCoordinator] Command execution: started DaemonCommandExecution[command = Build{id=6a44dc87-0e0b-45d1-b76b-be3b52ce7b84, currentDir=E:\Internship 2024\github\CodeBloodedProject}, connection = DefaultDaemonConnection: socket connection from /127.0.0.1:49982 to /127.0.0.1:49983] after 0.0 minutes of idle
2024-07-31T14:35:07.310+0300 [INFO] [org.gradle.launcher.daemon.server.DaemonRegistryUpdater] Marking the daemon as busy, address: [db61f415-08b7-486a-a0f8-87932be6fef4 port:49982, addresses:[localhost/127.0.0.1]]
2024-07-31T14:35:07.310+0300 [DEBUG] [org.gradle.launcher.daemon.registry.PersistentDaemonRegistry] Marking busy by address: [db61f415-08b7-486a-a0f8-87932be6fef4 port:49982, addresses:[localhost/127.0.0.1]]
2024-07-31T14:35:07.310+0300 [DEBUG] [org.gradle.cache.internal.DefaultFileLockManager] Waiting to acquire exclusive lock on daemon addresses registry.
2024-07-31T14:35:07.310+0300 [DEBUG] [org.gradle.cache.internal.DefaultFileLockManager] Lock acquired on daemon addresses registry.
2024-07-31T14:35:07.311+0300 [DEBUG] [org.gradle.cache.internal.DefaultFileLockManager] Releasing lock on daemon addresses registry.
2024-07-31T14:35:07.311+0300 [DEBUG] [org.gradle.launcher.daemon.server.DaemonStateCoordinator] resetting idle timer
2024-07-31T14:35:07.311+0300 [DEBUG] [org.gradle.launcher.daemon.server.DaemonStateCoordinator] daemon is running. Sleeping until state changes.
2024-07-31T14:35:07.312+0300 [INFO] [org.gradle.launcher.daemon.server.exec.StartBuildOrRespondWithBusy] Daemon is about to start building Build{id=6a44dc87-0e0b-45d1-b76b-be3b52ce7b84, currentDir=E:\Internship 2024\github\CodeBloodedProject}. Dispatching build started information...
2024-07-31T14:35:07.312+0300 [DEBUG] [org.gradle.launcher.daemon.server.SynchronizedDispatchConnection] thread 32: dispatching org.gradle.launcher.daemon.protocol.BuildStarted@4818db66
2024-07-31T14:35:07.313+0300 [DEBUG] [org.gradle.launcher.daemon.server.exec.EstablishBuildEnvironment] Configuring env variables: [USERDOMAIN_ROAMINGPROFILE, PROCESSOR_LEVEL, SESSIONNAME, ALLUSERSPROFILE, PROCESSOR_ARCHITECTURE, PSModulePath, SystemDrive, PT8HOME, USERNAME, ProgramFiles(x86), FPS_BROWSER_USER_PROFILE_STRING, PATHEXT, DriverData, OneDriveConsumer, ProgramData, ProgramW6432, HOMEPATH, PROCESSOR_IDENTIFIER, ProgramFiles, PUBLIC, windir, =::, ZES_ENABLE_SYSMAN, OneDriveCommercial, IGCCSVC_DB, LOCALAPPDATA, USERDOMAIN, FPS_BROWSER_APP_PROFILE_STRING, LOGONSERVER, OneDrive, APPDATA, VBOX_MSI_INSTALL_PATH, EFC_13672, CommonProgramFiles, Path, OS, COMPUTERNAME, PROCESSOR_REVISION, CommonProgramW6432, ComSpec, TEMP, SystemRoot, HOMEDRIVE, USERPROFILE, TMP, CommonProgramFiles(x86), NUMBER_OF_PROCESSORS, IDEA_INITIAL_DIRECTORY]
2024-07-31T14:35:07.315+0300 [DEBUG] [org.gradle.launcher.daemon.server.SynchronizedDispatchConnection] thread 30: received class org.gradle.launcher.daemon.protocol.CloseInput
2024-07-31T14:35:07.315+0300 [DEBUG] [org.gradle.launcher.daemon.server.DefaultDaemonConnection] thread 30: Received IO message from client: org.gradle.launcher.daemon.protocol.CloseInput@5d16a215
2024-07-31T14:35:07.315+0300 [DEBUG] [org.gradle.launcher.daemon.server.exec.LogToClient] About to start relaying all logs to the client via the connection.
2024-07-31T14:35:07.316+0300 [INFO] [org.gradle.launcher.daemon.server.exec.LogToClient] The client will now receive all logging from the daemon (pid: 6096). The daemon log file: E:\Internship 2024\github\CodeBloodedProject\daemon\8.7\daemon-6096.out.log
2024-07-31T14:35:07.317+0300 [INFO] [org.gradle.launcher.daemon.server.exec.LogAndCheckHealth] Starting build in new daemon [memory: 2 GiB]
2024-07-31T14:35:07.318+0300 [INFO] [org.gradle.launcher.daemon.server.exec.ForwardClientInput] Closing daemon's stdin at end of input.
2024-07-31T14:35:07.318+0300 [INFO] [org.gradle.launcher.daemon.server.exec.ForwardClientInput] The daemon will no longer process any standard input.
2024-07-31T14:35:07.320+0300 [DEBUG] [org.gradle.launcher.daemon.server.exec.ExecuteBuild] The daemon has started executing the build.
2024-07-31T14:35:07.320+0300 [DEBUG] [org.gradle.launcher.daemon.server.exec.ExecuteBuild] Executing build with daemon context: DefaultDaemonContext[uid=4279ad31-e768-4cf8-95f0-3d7f23614de4,javaHome=C:\Program Files\Android\Android Studio\jbr,daemonRegistryDir=E:\Internship 2024\github\CodeBloodedProject\daemon,pid=6096,idleTimeout=10800000,priority=NORMAL,applyInstrumentationAgent=true,daemonOpts=--add-opens=java.base/java.util=ALL-UNNAMED,--add-opens=java.base/java.lang=ALL-UNNAMED,--add-opens=java.base/java.lang.invoke=ALL-UNNAMED,--add-opens=java.prefs/java.util.prefs=ALL-UNNAMED,--add-opens=java.base/java.nio.charset=ALL-UNNAMED,--add-opens=java.base/java.net=ALL-UNNAMED,--add-opens=java.base/java.util.concurrent.atomic=ALL-UNNAMED,-Xmx2048m,-Dfile.encoding=UTF-8,-Duser.country=US,-Duser.language=en,-Duser.variant]
Warning: SDK processing. This version only understands SDK XML versions up to 3 but an SDK XML file of version 4 was encountered. This can happen if you use versions of Android Studio and the command-line tools that were released at different times.
w: file:///E:/Internship%202024/github/CodeBloodedProject/app/src/main/java/com/example/myapplication/Chatbot.kt:81:44 'textFieldColors(Color = ..., Color = ..., Color = ..., Color = ..., Color = ..., Color = ..., Color = ..., Color = ..., TextSelectionColors = ..., Color = ..., Color = ..., Color = ..., Color = ..., Color = ..., Color = ..., Color = ..., Color = ..., Color = ..., Color = ..., Color = ..., Color = ..., Color = ..., Color = ..., Color = ..., Color = ..., Color = ..., Color = ..., Color = ..., Color = ..., Color = ..., Color = ..., Color = ..., Color = ..., Color = ..., Color = ..., Color = ..., Color = ..., Color = ..., Color = ..., Color = ..., Color = ...): TextFieldColors' is deprecated. Renamed to `TextFieldDefaults.colors` with additional parameters to controlcontainer color based on state.
w: file:///E:/Internship%202024/github/CodeBloodedProject/app/src/main/java/com/example/myapplication/Chatbot.kt:94:49 'Send: ImageVector' is deprecated. Use the AutoMirrored version at Icons.AutoMirrored.Filled.Send
w: file:///E:/Internship%202024/github/CodeBloodedProject/app/src/main/java/com/example/myapplication/MyRequestsPage.kt:61:17 'Divider(Modifier = ..., Dp = ..., Color = ...): Unit' is deprecated. Renamed to HorizontalDivider
w: file:///E:/Internship%202024/github/CodeBloodedProject/app/src/main/java/com/example/myapplication/MyRequestsPage.kt:69:25 'Divider(Modifier = ..., Dp = ..., Color = ...): Unit' is deprecated. Renamed to HorizontalDivider
w: file:///E:/Internship%202024/github/CodeBloodedProject/app/src/main/java/com/example/myapplication/calander/Home.kt:363:52 'KeyboardArrowLeft: ImageVector' is deprecated. Use the AutoMirrored version at Icons.AutoMirrored.Filled.KeyboardArrowLeft
w: file:///E:/Internship%202024/github/CodeBloodedProject/app/src/main/java/com/example/myapplication/calander/Home.kt:385:52 'KeyboardArrowRight: ImageVector' is deprecated. Use the AutoMirrored version at Icons.AutoMirrored.Filled.KeyboardArrowRight
w: file:///E:/Internship%202024/github/CodeBloodedProject/app/src/main/java/com/example/myapplication/calander/Home.kt:417:13 'Divider(Modifier = ..., Dp = ..., Color = ...): Unit' is deprecated. Renamed to HorizontalDivider

Deprecated Gradle features were used in this build, making it incompatible with Gradle 9.0.

You can use '--warning-mode all' to show the individual deprecation warnings and determine if they come from your own scripts or plugins.

For more on this, please refer to https://docs.gradle.org/8.7/userguide/command_line_interface.html#sec:command_line_warnings in the Gradle documentation.

BUILD SUCCESSFUL in 46s
32 actionable tasks: 32 executed
2024-07-31T14:35:52.115+0300 [DEBUG] [org.gradle.launcher.daemon.server.exec.ExecuteBuild] The daemon has finished executing the build.
2024-07-31T14:35:52.123+0300 [DEBUG] [org.gradle.launcher.daemon.server.DaemonStateCoordinator] daemon is running. Sleeping until state changes.
2024-07-31T14:35:52.124+0300 [DEBUG] [org.gradle.launcher.daemon.server.DaemonStateCoordinator] Command execution: finished waiting for DaemonCommandExecution[command = Build{id=6a44dc87-0e0b-45d1-b76b-be3b52ce7b84, currentDir=E:\Internship 2024\github\CodeBloodedProject}, connection = DefaultDaemonConnection: socket connection from /127.0.0.1:49982 to /127.0.0.1:49983]. Result org.gradle.launcher.daemon.server.DaemonStateCoordinator@ddbd4a9 with state Busy
2024-07-31T14:35:52.124+0300 [DEBUG] [org.gradle.launcher.daemon.server.DaemonStateCoordinator] Command execution: completed DaemonCommandExecution[command = Build{id=6a44dc87-0e0b-45d1-b76b-be3b52ce7b84, currentDir=E:\Internship 2024\github\CodeBloodedProject}, connection = DefaultDaemonConnection: socket connection from /127.0.0.1:49982 to /127.0.0.1:49983]
2024-07-31T14:35:52.124+0300 [DEBUG] [org.gradle.launcher.daemon.server.DaemonStateCoordinator] resetting idle timer
2024-07-31T14:35:52.124+0300 [INFO] [org.gradle.launcher.daemon.server.DaemonRegistryUpdater] Marking the daemon as idle, address: [db61f415-08b7-486a-a0f8-87932be6fef4 port:49982, addresses:[localhost/127.0.0.1]]
2024-07-31T14:35:52.125+0300 [DEBUG] [org.gradle.launcher.daemon.registry.PersistentDaemonRegistry] Marking busy by address: [db61f415-08b7-486a-a0f8-87932be6fef4 port:49982, addresses:[localhost/127.0.0.1]]
2024-07-31T14:35:52.126+0300 [DEBUG] [org.gradle.cache.internal.DefaultFileLockManager] Waiting to acquire exclusive lock on daemon addresses registry.
2024-07-31T14:35:52.127+0300 [DEBUG] [org.gradle.cache.internal.DefaultFileLockManager] Lock acquired on daemon addresses registry.
2024-07-31T14:35:52.129+0300 [DEBUG] [org.gradle.cache.internal.DefaultFileLockManager] Releasing lock on daemon addresses registry.
2024-07-31T14:35:52.129+0300 [DEBUG] [org.gradle.launcher.daemon.server.DaemonStateCoordinator] daemon is running. Sleeping until state changes.
2024-07-31T14:35:52.130+0300 [DEBUG] [org.gradle.launcher.daemon.server.exec.ReturnResult] Daemon is dispatching the build result: Success[value=org.gradle.launcher.exec.BuildActionResult@561a1ee3]
2024-07-31T14:35:52.130+0300 [DEBUG] [org.gradle.launcher.daemon.server.SynchronizedDispatchConnection] thread 29: dispatching Success[value=org.gradle.launcher.exec.BuildActionResult@561a1ee3]
2024-07-31T14:35:52.132+0300 [DEBUG] [org.gradle.launcher.daemon.server.SynchronizedDispatchConnection] thread 30: received class org.gradle.launcher.daemon.protocol.Finished
2024-07-31T14:35:52.133+0300 [DEBUG] [org.gradle.launcher.daemon.server.exec.CleanUpVirtualFileSystemAfterBuild] Cleaning virtual file system after build finished
2024-07-31T14:35:52.133+0300 [DEBUG] [org.gradle.launcher.daemon.server.DefaultDaemonConnection] thread 30: Received non-IO message from client: org.gradle.launcher.daemon.protocol.Finished@3a836c0d
2024-07-31T14:35:52.133+0300 [DEBUG] [org.gradle.launcher.daemon.server.DefaultIncomingConnectionHandler] Finishing executing command: Build{id=6a44dc87-0e0b-45d1-b76b-be3b52ce7b84, currentDir=E:\Internship 2024\github\CodeBloodedProject}
2024-07-31T14:35:52.133+0300 [DEBUG] [org.gradle.launcher.daemon.server.DefaultIncomingConnectionHandler] Received finished message: org.gradle.launcher.daemon.protocol.Finished@3a836c0d
2024-07-31T14:35:52.134+0300 [DEBUG] [org.gradle.launcher.daemon.server.SynchronizedDispatchConnection] thread 29: stopping connection
2024-07-31T14:35:52.134+0300 [DEBUG] [org.gradle.internal.remote.internal.inet.SocketConnection] Discarding EOFException: java.io.EOFException
2024-07-31T14:35:52.134+0300 [DEBUG] [org.gradle.launcher.daemon.server.SynchronizedDispatchConnection] thread 30: received null
2024-07-31T14:35:52.134+0300 [DEBUG] [org.gradle.launcher.daemon.server.DefaultDaemonConnection] thread 30: Received end-of-input from client.
2024-07-31T14:35:52.136+0300 [DEBUG] [org.gradle.launcher.daemon.server.SynchronizedDispatchConnection] thread 29: stopping connection
2024-07-31T14:35:57.269+0300 [DEBUG] [org.gradle.cache.internal.DefaultFileLockManager] Waiting to acquire shared lock on daemon addresses registry.
2024-07-31T14:35:57.269+0300 [DEBUG] [org.gradle.cache.internal.DefaultFileLockManager] Lock acquired on daemon addresses registry.
2024-07-31T14:35:57.269+0300 [DEBUG] [org.gradle.cache.internal.DefaultFileLockManager] Releasing lock on daemon addresses registry.
2024-07-31T14:35:57.271+0300 [DEBUG] [org.gradle.cache.internal.DefaultFileLockManager] Waiting to acquire shared lock on daemon addresses registry.
2024-07-31T14:35:57.271+0300 [DEBUG] [org.gradle.cache.internal.DefaultFileLockManager] Lock acquired on daemon addresses registry.
2024-07-31T14:35:57.272+0300 [DEBUG] [org.gradle.cache.internal.DefaultFileLockManager] Releasing lock on daemon addresses registry.
2024-07-31T14:35:58.503+0300 [DEBUG] [sun.rmi.transport.tcp] RMI Scheduler(0): close connection, socket: Socket[addr=localhost/127.0.0.1,port=17696,localport=50106]
2024-07-31T14:36:02.146+0300 [DEBUG] [org.gradle.process.internal.health.memory.DefaultMemoryManager] 1689137152 physical memory requested, 1659359232 free
2024-07-31T14:36:02.146+0300 [DEBUG] [org.gradle.workers.internal.WorkerDaemonExpiration] Will attempt to release 1610 of memory
2024-07-31T14:36:02.148+0300 [DEBUG] [org.gradle.process.internal.health.memory.DefaultMemoryManager] 1689137152 physical memory requested, 0 released, 1659359232 free
2024-07-31T14:36:07.144+0300 [DEBUG] [org.gradle.process.internal.health.memory.DefaultMemoryManager] 1689137152 physical memory requested, 1483374592 free
2024-07-31T14:36:07.144+0300 [DEBUG] [org.gradle.workers.internal.WorkerDaemonExpiration] Will attempt to release 1610 of memory
2024-07-31T14:36:07.144+0300 [DEBUG] [org.gradle.process.internal.health.memory.DefaultMemoryManager] 1689137152 physical memory requested, 0 released, 1483374592 free
2024-07-31T14:36:07.267+0300 [DEBUG] [org.gradle.cache.internal.DefaultFileLockManager] Waiting to acquire shared lock on daemon addresses registry.
2024-07-31T14:36:07.267+0300 [DEBUG] [org.gradle.cache.internal.DefaultFileLockManager] Lock acquired on daemon addresses registry.
2024-07-31T14:36:07.268+0300 [DEBUG] [org.gradle.cache.internal.DefaultFileLockManager] Releasing lock on daemon addresses registry.
2024-07-31T14:36:07.269+0300 [DEBUG] [org.gradle.cache.internal.DefaultFileLockManager] Waiting to acquire shared lock on daemon addresses registry.
2024-07-31T14:36:07.269+0300 [DEBUG] [org.gradle.cache.internal.DefaultFileLockManager] Lock acquired on daemon addresses registry.
2024-07-31T14:36:07.270+0300 [DEBUG] [org.gradle.cache.internal.DefaultFileLockManager] Releasing lock on daemon addresses registry.
2024-07-31T14:36:07.271+0300 [DEBUG] [org.gradle.cache.internal.DefaultFileLockManager] Waiting to acquire shared lock on daemon addresses registry.
2024-07-31T14:36:07.272+0300 [DEBUG] [org.gradle.cache.internal.DefaultFileLockManager] Lock acquired on daemon addresses registry.
2024-07-31T14:36:07.272+0300 [DEBUG] [org.gradle.cache.internal.DefaultFileLockManager] Releasing lock on daemon addresses registry.
2024-07-31T14:36:12.144+0300 [DEBUG] [org.gradle.process.internal.health.memory.DefaultMemoryManager] 1689137152 physical memory requested, 1228492800 free
2024-07-31T14:36:12.144+0300 [DEBUG] [org.gradle.workers.internal.WorkerDaemonExpiration] Will attempt to release 1610 of memory
2024-07-31T14:36:12.144+0300 [DEBUG] [org.gradle.process.internal.health.memory.DefaultMemoryManager] 1689137152 physical memory requested, 0 released, 1228492800 free
2024-07-31T14:36:16.123+0300 [DEBUG] [sun.rmi.transport.tcp] RMI TCP Connection(2)-127.0.0.1: (port 50108) connection closed
2024-07-31T14:36:16.123+0300 [DEBUG] [sun.rmi.transport.tcp] RMI TCP Connection(2)-127.0.0.1: close connection, socket: Socket[addr=/127.0.0.1,port=50175,localport=50108]
2024-07-31T14:36:16.124+0300 [DEBUG] [sun.rmi.transport.tcp] RMI TCP Connection(2)-127.0.0.1: socket close: Socket[addr=/127.0.0.1,port=50175,localport=50108]
2024-07-31T14:36:16.915+0300 [DEBUG] [sun.rmi.transport.tcp] RMI Scheduler(0): close connection, socket: Socket[addr=localhost/127.0.0.1,port=17696,localport=50178]
2024-07-31T14:36:17.141+0300 [DEBUG] [org.gradle.process.internal.health.memory.DefaultMemoryManager] 1689137152 physical memory requested, 1428725760 free
2024-07-31T14:36:17.141+0300 [DEBUG] [org.gradle.workers.internal.WorkerDaemonExpiration] Will attempt to release 1610 of memory
2024-07-31T14:36:17.141+0300 [DEBUG] [org.gradle.process.internal.health.memory.DefaultMemoryManager] 1689137152 physical memory requested, 0 released, 1428725760 free
2024-07-31T14:36:17.267+0300 [DEBUG] [org.gradle.cache.internal.DefaultFileLockManager] Waiting to acquire shared lock on daemon addresses registry.
2024-07-31T14:36:17.267+0300 [DEBUG] [org.gradle.cache.internal.DefaultFileLockManager] Lock acquired on daemon addresses registry.
2024-07-31T14:36:17.268+0300 [DEBUG] [org.gradle.cache.internal.DefaultFileLockManager] Releasing lock on daemon addresses registry.
2024-07-31T14:36:17.269+0300 [DEBUG] [org.gradle.cache.internal.DefaultFileLockManager] Waiting to acquire shared lock on daemon addresses registry.
2024-07-31T14:36:17.269+0300 [DEBUG] [org.gradle.cache.internal.DefaultFileLockManager] Lock acquired on daemon addresses registry.
2024-07-31T14:36:17.270+0300 [DEBUG] [org.gradle.cache.internal.DefaultFileLockManager] Releasing lock on daemon addresses registry.
2024-07-31T14:36:17.270+0300 [DEBUG] [org.gradle.cache.internal.DefaultFileLockManager] Waiting to acquire shared lock on daemon addresses registry.
2024-07-31T14:36:17.270+0300 [DEBUG] [org.gradle.cache.internal.DefaultFileLockManager] Lock acquired on daemon addresses registry.
2024-07-31T14:36:17.271+0300 [DEBUG] [org.gradle.cache.internal.DefaultFileLockManager] Releasing lock on daemon addresses registry.
2024-07-31T14:36:22.146+0300 [DEBUG] [org.gradle.process.internal.health.memory.DefaultMemoryManager] 1689137152 physical memory requested, 1641615360 free
2024-07-31T14:36:22.146+0300 [DEBUG] [org.gradle.workers.internal.WorkerDaemonExpiration] Will attempt to release 1610 of memory
2024-07-31T14:36:22.146+0300 [DEBUG] [org.gradle.process.internal.health.memory.DefaultMemoryManager] 1689137152 physical memory requested, 0 released, 1641615360 free
2024-07-31T14:36:27.140+0300 [DEBUG] [org.gradle.process.internal.health.memory.DefaultMemoryManager] 1689137152 physical memory requested, 1581371392 free
2024-07-31T14:36:27.140+0300 [DEBUG] [org.gradle.workers.internal.WorkerDaemonExpiration] Will attempt to release 1610 of memory
2024-07-31T14:36:27.141+0300 [DEBUG] [org.gradle.process.internal.health.memory.DefaultMemoryManager] 1689137152 physical memory requested, 0 released, 1581371392 free
2024-07-31T14:36:27.267+0300 [DEBUG] [org.gradle.cache.internal.DefaultFileLockManager] Waiting to acquire shared lock on daemon addresses registry.
2024-07-31T14:36:27.267+0300 [DEBUG] [org.gradle.cache.internal.DefaultFileLockManager] Lock acquired on daemon addresses registry.
2024-07-31T14:36:27.269+0300 [DEBUG] [org.gradle.cache.internal.DefaultFileLockManager] Releasing lock on daemon addresses registry.
2024-07-31T14:36:27.270+0300 [DEBUG] [org.gradle.cache.internal.DefaultFileLockManager] Waiting to acquire shared lock on daemon addresses registry.
2024-07-31T14:36:27.270+0300 [DEBUG] [org.gradle.cache.internal.DefaultFileLockManager] Lock acquired on daemon addresses registry.
2024-07-31T14:36:27.271+0300 [DEBUG] [org.gradle.cache.internal.DefaultFileLockManager] Releasing lock on daemon addresses registry.
2024-07-31T14:36:27.271+0300 [DEBUG] [org.gradle.cache.internal.DefaultFileLockManager] Waiting to acquire shared lock on daemon addresses registry.
2024-07-31T14:36:27.272+0300 [DEBUG] [org.gradle.cache.internal.DefaultFileLockManager] Lock acquired on daemon addresses registry.
2024-07-31T14:36:27.272+0300 [DEBUG] [org.gradle.cache.internal.DefaultFileLockManager] Releasing lock on daemon addresses registry.
2024-07-31T14:36:32.142+0300 [DEBUG] [org.gradle.process.internal.health.memory.DefaultMemoryManager] 1689137152 physical memory requested, 1110941696 free
2024-07-31T14:36:32.143+0300 [DEBUG] [org.gradle.workers.internal.WorkerDaemonExpiration] Will attempt to release 1610 of memory
2024-07-31T14:36:32.143+0300 [DEBUG] [org.gradle.process.internal.health.memory.DefaultMemoryManager] 1689137152 physical memory requested, 0 released, 1110941696 free
2024-07-31T14:36:37.173+0300 [DEBUG] [org.gradle.process.internal.health.memory.DefaultMemoryManager] 1689137152 physical memory requested, 1037869056 free
2024-07-31T14:36:37.174+0300 [DEBUG] [org.gradle.workers.internal.WorkerDaemonExpiration] Will attempt to release 1610 of memory
2024-07-31T14:36:37.174+0300 [DEBUG] [org.gradle.process.internal.health.memory.DefaultMemoryManager] 1689137152 physical memory requested, 0 released, 1037869056 free
2024-07-31T14:36:37.269+0300 [DEBUG] [org.gradle.cache.internal.DefaultFileLockManager] Waiting to acquire shared lock on daemon addresses registry.
2024-07-31T14:36:37.270+0300 [DEBUG] [org.gradle.cache.internal.DefaultFileLockManager] Lock acquired on daemon addresses registry.
2024-07-31T14:36:37.272+0300 [DEBUG] [org.gradle.cache.internal.DefaultFileLockManager] Releasing lock on daemon addresses registry.
2024-07-31T14:36:37.274+0300 [DEBUG] [org.gradle.cache.internal.DefaultFileLockManager] Waiting to acquire shared lock on daemon addresses registry.
2024-07-31T14:36:37.274+0300 [DEBUG] [org.gradle.cache.internal.DefaultFileLockManager] Lock acquired on daemon addresses registry.
2024-07-31T14:36:37.274+0300 [DEBUG] [org.gradle.cache.internal.DefaultFileLockManager] Releasing lock on daemon addresses registry.
2024-07-31T14:36:37.275+0300 [DEBUG] [org.gradle.cache.internal.DefaultFileLockManager] Waiting to acquire shared lock on daemon addresses registry.
2024-07-31T14:36:37.275+0300 [DEBUG] [org.gradle.cache.internal.DefaultFileLockManager] Lock acquired on daemon addresses registry.
2024-07-31T14:36:37.275+0300 [DEBUG] [org.gradle.cache.internal.DefaultFileLockManager] Releasing lock on daemon addresses registry.
2024-07-31T14:36:42.144+0300 [DEBUG] [org.gradle.process.internal.health.memory.DefaultMemoryManager] 1689137152 physical memory requested, 1116213248 free
2024-07-31T14:36:42.145+0300 [DEBUG] [org.gradle.workers.internal.WorkerDaemonExpiration] Will attempt to release 1610 of memory
2024-07-31T14:36:42.145+0300 [DEBUG] [org.gradle.process.internal.health.memory.DefaultMemoryManager] 1689137152 physical memory requested, 0 released, 1116213248 free
2024-07-31T14:36:47.143+0300 [DEBUG] [org.gradle.process.internal.health.memory.DefaultMemoryManager] 1689137152 physical memory requested, 1050722304 free
2024-07-31T14:36:47.143+0300 [DEBUG] [org.gradle.workers.internal.WorkerDaemonExpiration] Will attempt to release 1610 of memory
2024-07-31T14:36:47.144+0300 [DEBUG] [org.gradle.process.internal.health.memory.DefaultMemoryManager] 1689137152 physical memory requested, 0 released, 1050722304 free
2024-07-31T14:36:47.267+0300 [DEBUG] [org.gradle.cache.internal.DefaultFileLockManager] Waiting to acquire shared lock on daemon addresses registry.
2024-07-31T14:36:47.268+0300 [DEBUG] [org.gradle.cache.internal.DefaultFileLockManager] Lock acquired on daemon addresses registry.
2024-07-31T14:36:47.268+0300 [DEBUG] [org.gradle.cache.internal.DefaultFileLockManager] Releasing lock on daemon addresses registry.
2024-07-31T14:36:47.269+0300 [DEBUG] [org.gradle.cache.internal.DefaultFileLockManager] Waiting to acquire shared lock on daemon addresses registry.
2024-07-31T14:36:47.270+0300 [DEBUG] [org.gradle.cache.internal.DefaultFileLockManager] Lock acquired on daemon addresses registry.
2024-07-31T14:36:47.270+0300 [DEBUG] [org.gradle.cache.internal.DefaultFileLockManager] Releasing lock on daemon addresses registry.
2024-07-31T14:36:47.271+0300 [DEBUG] [org.gradle.cache.internal.DefaultFileLockManager] Waiting to acquire shared lock on daemon addresses registry.
2024-07-31T14:36:47.271+0300 [DEBUG] [org.gradle.cache.internal.DefaultFileLockManager] Lock acquired on daemon addresses registry.
2024-07-31T14:36:47.272+0300 [DEBUG] [org.gradle.cache.internal.DefaultFileLockManager] Releasing lock on daemon addresses registry.
2024-07-31T14:36:52.142+0300 [DEBUG] [org.gradle.process.internal.health.memory.DefaultMemoryManager] 1689137152 physical memory requested, 886685696 free
2024-07-31T14:36:52.143+0300 [DEBUG] [org.gradle.workers.internal.WorkerDaemonExpiration] Will attempt to release 1610 of memory
2024-07-31T14:36:52.143+0300 [DEBUG] [org.gradle.process.internal.health.memory.DefaultMemoryManager] 1689137152 physical memory requested, 0 released, 886685696 free
2024-07-31T14:36:57.143+0300 [DEBUG] [org.gradle.process.internal.health.memory.DefaultMemoryManager] 1689137152 physical memory requested, 999858176 free
2024-07-31T14:36:57.143+0300 [DEBUG] [org.gradle.workers.internal.WorkerDaemonExpiration] Will attempt to release 1610 of memory
2024-07-31T14:36:57.143+0300 [DEBUG] [org.gradle.process.internal.health.memory.DefaultMemoryManager] 1689137152 physical memory requested, 0 released, 999858176 free
2024-07-31T14:36:57.269+0300 [DEBUG] [org.gradle.cache.internal.DefaultFileLockManager] Waiting to acquire shared lock on daemon addresses registry.
2024-07-31T14:36:57.269+0300 [DEBUG] [org.gradle.cache.internal.DefaultFileLockManager] Lock acquired on daemon addresses registry.
2024-07-31T14:36:57.271+0300 [DEBUG] [org.gradle.cache.internal.DefaultFileLockManager] Releasing lock on daemon addresses registry.
2024-07-31T14:36:57.272+0300 [DEBUG] [org.gradle.cache.internal.DefaultFileLockManager] Waiting to acquire shared lock on daemon addresses registry.
2024-07-31T14:36:57.272+0300 [DEBUG] [org.gradle.cache.internal.DefaultFileLockManager] Lock acquired on daemon addresses registry.
2024-07-31T14:36:57.272+0300 [DEBUG] [org.gradle.cache.internal.DefaultFileLockManager] Releasing lock on daemon addresses registry.
2024-07-31T14:36:57.273+0300 [DEBUG] [org.gradle.cache.internal.DefaultFileLockManager] Waiting to acquire shared lock on daemon addresses registry.
2024-07-31T14:36:57.273+0300 [DEBUG] [org.gradle.cache.internal.DefaultFileLockManager] Lock acquired on daemon addresses registry.
2024-07-31T14:36:57.274+0300 [DEBUG] [org.gradle.cache.internal.DefaultFileLockManager] Releasing lock on daemon addresses registry.
2024-07-31T14:37:02.140+0300 [DEBUG] [org.gradle.process.internal.health.memory.DefaultMemoryManager] 1689137152 physical memory requested, 1161568256 free
2024-07-31T14:37:02.140+0300 [DEBUG] [org.gradle.workers.internal.WorkerDaemonExpiration] Will attempt to release 1610 of memory
2024-07-31T14:37:02.140+0300 [DEBUG] [org.gradle.process.internal.health.memory.DefaultMemoryManager] 1689137152 physical memory requested, 0 released, 1161568256 free
2024-07-31T14:37:07.142+0300 [DEBUG] [org.gradle.process.internal.health.memory.DefaultMemoryManager] 1689137152 physical memory requested, 1150382080 free
2024-07-31T14:37:07.143+0300 [DEBUG] [org.gradle.workers.internal.WorkerDaemonExpiration] Will attempt to release 1610 of memory
2024-07-31T14:37:07.143+0300 [DEBUG] [org.gradle.process.internal.health.memory.DefaultMemoryManager] 1689137152 physical memory requested, 0 released, 1150382080 free
2024-07-31T14:37:07.267+0300 [DEBUG] [org.gradle.cache.internal.DefaultFileLockManager] Waiting to acquire shared lock on daemon addresses registry.
2024-07-31T14:37:07.267+0300 [DEBUG] [org.gradle.cache.internal.DefaultFileLockManager] Lock acquired on daemon addresses registry.
2024-07-31T14:37:07.268+0300 [DEBUG] [org.gradle.cache.internal.DefaultFileLockManager] Releasing lock on daemon addresses registry.
2024-07-31T14:37:07.271+0300 [DEBUG] [org.gradle.cache.internal.DefaultFileLockManager] Waiting to acquire shared lock on daemon addresses registry.
2024-07-31T14:37:07.271+0300 [DEBUG] [org.gradle.cache.internal.DefaultFileLockManager] Lock acquired on daemon addresses registry.
2024-07-31T14:37:07.271+0300 [DEBUG] [org.gradle.cache.internal.DefaultFileLockManager] Releasing lock on daemon addresses registry.
2024-07-31T14:37:07.272+0300 [DEBUG] [org.gradle.cache.internal.DefaultFileLockManager] Waiting to acquire shared lock on daemon addresses registry.
2024-07-31T14:37:07.272+0300 [DEBUG] [org.gradle.cache.internal.DefaultFileLockManager] Lock acquired on daemon addresses registry.
2024-07-31T14:37:07.273+0300 [DEBUG] [org.gradle.cache.internal.DefaultFileLockManager] Releasing lock on daemon addresses registry.
2024-07-31T14:37:12.142+0300 [DEBUG] [org.gradle.process.internal.health.memory.DefaultMemoryManager] 1689137152 physical memory requested, 1170583552 free
2024-07-31T14:37:12.142+0300 [DEBUG] [org.gradle.workers.internal.WorkerDaemonExpiration] Will attempt to release 1610 of memory
2024-07-31T14:37:12.143+0300 [DEBUG] [org.gradle.process.internal.health.memory.DefaultMemoryManager] 1689137152 physical memory requested, 0 released, 1170583552 free
2024-07-31T14:37:17.139+0300 [DEBUG] [org.gradle.process.internal.health.memory.DefaultMemoryManager] 1689137152 physical memory requested, 1190064128 free
2024-07-31T14:37:17.139+0300 [DEBUG] [org.gradle.workers.internal.WorkerDaemonExpiration] Will attempt to release 1610 of memory
2024-07-31T14:37:17.139+0300 [DEBUG] [org.gradle.process.internal.health.memory.DefaultMemoryManager] 1689137152 physical memory requested, 0 released, 1190064128 free
2024-07-31T14:37:17.268+0300 [DEBUG] [org.gradle.cache.internal.DefaultFileLockManager] Waiting to acquire shared lock on daemon addresses registry.
2024-07-31T14:37:17.269+0300 [DEBUG] [org.gradle.cache.internal.DefaultFileLockManager] Lock acquired on daemon addresses registry.
2024-07-31T14:37:17.269+0300 [DEBUG] [org.gradle.cache.internal.DefaultFileLockManager] Releasing lock on daemon addresses registry.
2024-07-31T14:37:17.270+0300 [DEBUG] [org.gradle.cache.internal.DefaultFileLockManager] Waiting to acquire shared lock on daemon addresses registry.
2024-07-31T14:37:17.270+0300 [DEBUG] [org.gradle.cache.internal.DefaultFileLockManager] Lock acquired on daemon addresses registry.
2024-07-31T14:37:17.270+0300 [DEBUG] [org.gradle.cache.internal.DefaultFileLockManager] Releasing lock on daemon addresses registry.
2024-07-31T14:37:17.271+0300 [DEBUG] [org.gradle.cache.internal.DefaultFileLockManager] Waiting to acquire shared lock on daemon addresses registry.
2024-07-31T14:37:17.271+0300 [DEBUG] [org.gradle.cache.internal.DefaultFileLockManager] Lock acquired on daemon addresses registry.
2024-07-31T14:37:17.271+0300 [DEBUG] [org.gradle.cache.internal.DefaultFileLockManager] Releasing lock on daemon addresses registry.
2024-07-31T14:37:18.280+0300 [DEBUG] [org.gradle.internal.watch.vfs.impl.WatchingVirtualFileSystem] Handling VFS change CREATED E:\Internship 2024\github\CodeBloodedProject\app\src\main\java\com\example\myapplication\Chatbot.kt~
2024-07-31T14:37:18.308+0300 [DEBUG] [org.gradle.internal.watch.vfs.impl.WatchingVirtualFileSystem] Handling VFS change MODIFIED E:\Internship 2024\github\CodeBloodedProject\app\src\main\java\com\example\myapplication\Chatbot.kt
2024-07-31T14:37:18.341+0300 [DEBUG] [org.gradle.internal.remote.internal.inet.TcpIncomingConnector] Accepted connection from /127.0.0.1:50395 to /127.0.0.1:49982.
2024-07-31T14:37:18.352+0300 [DEBUG] [org.gradle.launcher.daemon.server.SynchronizedDispatchConnection] thread 343: received class org.gradle.launcher.daemon.protocol.Build
2024-07-31T14:37:18.352+0300 [DEBUG] [org.gradle.launcher.daemon.server.DefaultDaemonConnection] thread 343: Received non-IO message from client: Build{id=2e0df592-d81d-4785-865b-65ae8e0d1eea, currentDir=E:\Internship 2024\github\CodeBloodedProject}
2024-07-31T14:37:18.352+0300 [INFO] [org.gradle.launcher.daemon.server.DefaultIncomingConnectionHandler] Received command: Build{id=2e0df592-d81d-4785-865b-65ae8e0d1eea, currentDir=E:\Internship 2024\github\CodeBloodedProject}.
2024-07-31T14:37:18.352+0300 [DEBUG] [org.gradle.launcher.daemon.server.DefaultIncomingConnectionHandler] Starting executing command: Build{id=2e0df592-d81d-4785-865b-65ae8e0d1eea, currentDir=E:\Internship 2024\github\CodeBloodedProject} with connection: socket connection from /127.0.0.1:49982 to /127.0.0.1:50395.
2024-07-31T14:37:18.353+0300 [DEBUG] [org.gradle.launcher.daemon.server.DaemonStateCoordinator] Command execution: started DaemonCommandExecution[command = Build{id=2e0df592-d81d-4785-865b-65ae8e0d1eea, currentDir=E:\Internship 2024\github\CodeBloodedProject}, connection = DefaultDaemonConnection: socket connection from /127.0.0.1:49982 to /127.0.0.1:50395] after 1.0 minutes of idle
2024-07-31T14:37:18.353+0300 [INFO] [org.gradle.launcher.daemon.server.DaemonRegistryUpdater] Marking the daemon as busy, address: [db61f415-08b7-486a-a0f8-87932be6fef4 port:49982, addresses:[localhost/127.0.0.1]]
2024-07-31T14:37:18.353+0300 [DEBUG] [org.gradle.launcher.daemon.registry.PersistentDaemonRegistry] Marking busy by address: [db61f415-08b7-486a-a0f8-87932be6fef4 port:49982, addresses:[localhost/127.0.0.1]]
2024-07-31T14:37:18.353+0300 [DEBUG] [org.gradle.cache.internal.DefaultFileLockManager] Waiting to acquire exclusive lock on daemon addresses registry.
2024-07-31T14:37:18.354+0300 [DEBUG] [org.gradle.cache.internal.DefaultFileLockManager] Lock acquired on daemon addresses registry.
2024-07-31T14:37:18.355+0300 [DEBUG] [org.gradle.cache.internal.DefaultFileLockManager] Releasing lock on daemon addresses registry.
2024-07-31T14:37:18.355+0300 [DEBUG] [org.gradle.launcher.daemon.server.DaemonStateCoordinator] resetting idle timer
2024-07-31T14:37:18.363+0300 [DEBUG] [org.gradle.launcher.daemon.server.DaemonStateCoordinator] daemon is running. Sleeping until state changes.
2024-07-31T14:37:18.363+0300 [INFO] [org.gradle.launcher.daemon.server.exec.StartBuildOrRespondWithBusy] Daemon is about to start building Build{id=2e0df592-d81d-4785-865b-65ae8e0d1eea, currentDir=E:\Internship 2024\github\CodeBloodedProject}. Dispatching build started information...
2024-07-31T14:37:18.364+0300 [DEBUG] [org.gradle.launcher.daemon.server.SynchronizedDispatchConnection] thread 345: dispatching org.gradle.launcher.daemon.protocol.BuildStarted@67f5a41d
2024-07-31T14:37:18.368+0300 [DEBUG] [org.gradle.launcher.daemon.server.exec.EstablishBuildEnvironment] Configuring env variables: [USERDOMAIN_ROAMINGPROFILE, PROCESSOR_LEVEL, SESSIONNAME, ALLUSERSPROFILE, PROCESSOR_ARCHITECTURE, PSModulePath, SystemDrive, PT8HOME, USERNAME, ProgramFiles(x86), FPS_BROWSER_USER_PROFILE_STRING, PATHEXT, DriverData, OneDriveConsumer, ProgramData, ProgramW6432, HOMEPATH, PROCESSOR_IDENTIFIER, ProgramFiles, PUBLIC, windir, =::, ZES_ENABLE_SYSMAN, OneDriveCommercial, IGCCSVC_DB, LOCALAPPDATA, USERDOMAIN, FPS_BROWSER_APP_PROFILE_STRING, LOGONSERVER, OneDrive, APPDATA, VBOX_MSI_INSTALL_PATH, EFC_13672, CommonProgramFiles, Path, OS, COMPUTERNAME, PROCESSOR_REVISION, CommonProgramW6432, ComSpec, TEMP, SystemRoot, HOMEDRIVE, USERPROFILE, TMP, CommonProgramFiles(x86), NUMBER_OF_PROCESSORS, IDEA_INITIAL_DIRECTORY]
2024-07-31T14:37:18.369+0300 [DEBUG] [org.gradle.launcher.daemon.server.SynchronizedDispatchConnection] thread 343: received class org.gradle.launcher.daemon.protocol.CloseInput
2024-07-31T14:37:18.369+0300 [DEBUG] [org.gradle.launcher.daemon.server.DefaultDaemonConnection] thread 343: Received IO message from client: org.gradle.launcher.daemon.protocol.CloseInput@4c1dd84d
2024-07-31T14:37:18.370+0300 [DEBUG] [org.gradle.launcher.daemon.server.exec.LogToClient] About to start relaying all logs to the client via the connection.
2024-07-31T14:37:18.370+0300 [INFO] [org.gradle.launcher.daemon.server.exec.LogToClient] The client will now receive all logging from the daemon (pid: 6096). The daemon log file: E:\Internship 2024\github\CodeBloodedProject\daemon\8.7\daemon-6096.out.log
2024-07-31T14:37:18.374+0300 [INFO] [org.gradle.launcher.daemon.server.exec.LogAndCheckHealth] Starting 2nd build in daemon [uptime: 2 mins 11.37 secs, performance: 100%, GC rate: 0.00/s, heap usage: 0% of 2 GiB]
2024-07-31T14:37:18.375+0300 [DEBUG] [org.gradle.launcher.daemon.server.exec.ExecuteBuild] The daemon has started executing the build.
2024-07-31T14:37:18.375+0300 [DEBUG] [org.gradle.launcher.daemon.server.exec.ExecuteBuild] Executing build with daemon context: DefaultDaemonContext[uid=4279ad31-e768-4cf8-95f0-3d7f23614de4,javaHome=C:\Program Files\Android\Android Studio\jbr,daemonRegistryDir=E:\Internship 2024\github\CodeBloodedProject\daemon,pid=6096,idleTimeout=10800000,priority=NORMAL,applyInstrumentationAgent=true,daemonOpts=--add-opens=java.base/java.util=ALL-UNNAMED,--add-opens=java.base/java.lang=ALL-UNNAMED,--add-opens=java.base/java.lang.invoke=ALL-UNNAMED,--add-opens=java.prefs/java.util.prefs=ALL-UNNAMED,--add-opens=java.base/java.nio.charset=ALL-UNNAMED,--add-opens=java.base/java.net=ALL-UNNAMED,--add-opens=java.base/java.util.concurrent.atomic=ALL-UNNAMED,-Xmx2048m,-Dfile.encoding=UTF-8,-Duser.country=US,-Duser.language=en,-Duser.variant]
w: file:///E:/Internship%202024/github/CodeBloodedProject/app/src/main/java/com/example/myapplication/Chatbot.kt:93:52 'textFieldColors(Color = ..., Color = ..., Color = ..., Color = ..., Color = ..., Color = ..., Color = ..., Color = ..., TextSelectionColors = ..., Color = ..., Color = ..., Color = ..., Color = ..., Color = ..., Color = ..., Color = ..., Color = ..., Color = ..., Color = ..., Color = ..., Color = ..., Color = ..., Color = ..., Color = ..., Color = ..., Color = ..., Color = ..., Color = ..., Color = ..., Color = ..., Color = ..., Color = ..., Color = ..., Color = ..., Color = ..., Color = ..., Color = ..., Color = ..., Color = ..., Color = ..., Color = ...): TextFieldColors' is deprecated. Renamed to `TextFieldDefaults.colors` with additional parameters to controlcontainer color based on state.

Deprecated Gradle features were used in this build, making it incompatible with Gradle 9.0.

You can use '--warning-mode all' to show the individual deprecation warnings and determine if they come from your own scripts or plugins.

For more on this, please refer to https://docs.gradle.org/8.7/userguide/command_line_interface.html#sec:command_line_warnings in the Gradle documentation.

BUILD SUCCESSFUL in 3s
32 actionable tasks: 4 executed, 28 up-to-date
2024-07-31T14:37:22.214+0300 [DEBUG] [org.gradle.launcher.daemon.server.exec.ExecuteBuild] The daemon has finished executing the build.
2024-07-31T14:37:22.221+0300 [DEBUG] [org.gradle.launcher.daemon.server.DaemonStateCoordinator] Command execution: finished waiting for DaemonCommandExecution[command = Build{id=2e0df592-d81d-4785-865b-65ae8e0d1eea, currentDir=E:\Internship 2024\github\CodeBloodedProject}, connection = DefaultDaemonConnection: socket connection from /127.0.0.1:49982 to /127.0.0.1:50395]. Result org.gradle.launcher.daemon.server.DaemonStateCoordinator@ddbd4a9 with state Busy
2024-07-31T14:37:22.221+0300 [DEBUG] [org.gradle.launcher.daemon.server.DaemonStateCoordinator] Command execution: completed DaemonCommandExecution[command = Build{id=2e0df592-d81d-4785-865b-65ae8e0d1eea, currentDir=E:\Internship 2024\github\CodeBloodedProject}, connection = DefaultDaemonConnection: socket connection from /127.0.0.1:49982 to /127.0.0.1:50395]
2024-07-31T14:37:22.221+0300 [DEBUG] [org.gradle.launcher.daemon.server.DaemonStateCoordinator] resetting idle timer
2024-07-31T14:37:22.221+0300 [INFO] [org.gradle.launcher.daemon.server.DaemonRegistryUpdater] Marking the daemon as idle, address: [db61f415-08b7-486a-a0f8-87932be6fef4 port:49982, addresses:[localhost/127.0.0.1]]
2024-07-31T14:37:22.221+0300 [DEBUG] [org.gradle.launcher.daemon.registry.PersistentDaemonRegistry] Marking busy by address: [db61f415-08b7-486a-a0f8-87932be6fef4 port:49982, addresses:[localhost/127.0.0.1]]
2024-07-31T14:37:22.222+0300 [DEBUG] [org.gradle.cache.internal.DefaultFileLockManager] Waiting to acquire exclusive lock on daemon addresses registry.
2024-07-31T14:37:22.222+0300 [DEBUG] [org.gradle.cache.internal.DefaultFileLockManager] Lock acquired on daemon addresses registry.
2024-07-31T14:37:22.223+0300 [DEBUG] [org.gradle.cache.internal.DefaultFileLockManager] Releasing lock on daemon addresses registry.
2024-07-31T14:37:22.223+0300 [DEBUG] [org.gradle.launcher.daemon.server.exec.ReturnResult] Daemon is dispatching the build result: Success[value=org.gradle.launcher.exec.BuildActionResult@36874c47]
2024-07-31T14:37:22.223+0300 [DEBUG] [org.gradle.launcher.daemon.server.DaemonStateCoordinator] daemon is running. Sleeping until state changes.
2024-07-31T14:37:22.224+0300 [DEBUG] [org.gradle.launcher.daemon.server.SynchronizedDispatchConnection] thread 342: dispatching Success[value=org.gradle.launcher.exec.BuildActionResult@36874c47]
2024-07-31T14:37:22.224+0300 [DEBUG] [org.gradle.launcher.daemon.server.DefaultIncomingConnectionHandler] Finishing executing command: Build{id=2e0df592-d81d-4785-865b-65ae8e0d1eea, currentDir=E:\Internship 2024\github\CodeBloodedProject}
2024-07-31T14:37:22.224+0300 [DEBUG] [org.gradle.launcher.daemon.server.exec.CleanUpVirtualFileSystemAfterBuild] Cleaning virtual file system after build finished
2024-07-31T14:37:22.224+0300 [DEBUG] [org.gradle.launcher.daemon.server.SynchronizedDispatchConnection] thread 343: received class org.gradle.launcher.daemon.protocol.Finished
2024-07-31T14:37:22.225+0300 [DEBUG] [org.gradle.launcher.daemon.server.DefaultDaemonConnection] thread 343: Received non-IO message from client: org.gradle.launcher.daemon.protocol.Finished@42da2fbe
2024-07-31T14:37:22.225+0300 [DEBUG] [org.gradle.launcher.daemon.server.DefaultIncomingConnectionHandler] Received finished message: org.gradle.launcher.daemon.protocol.Finished@42da2fbe
2024-07-31T14:37:22.225+0300 [DEBUG] [org.gradle.launcher.daemon.server.SynchronizedDispatchConnection] thread 342: stopping connection
2024-07-31T14:37:22.225+0300 [DEBUG] [org.gradle.internal.remote.internal.inet.SocketConnection] Discarding EOFException: java.io.EOFException
2024-07-31T14:37:22.225+0300 [DEBUG] [org.gradle.launcher.daemon.server.SynchronizedDispatchConnection] thread 343: received null
2024-07-31T14:37:22.225+0300 [DEBUG] [org.gradle.launcher.daemon.server.DefaultDaemonConnection] thread 343: Received end-of-input from client.
2024-07-31T14:37:22.225+0300 [DEBUG] [org.gradle.launcher.daemon.server.SynchronizedDispatchConnection] thread 342: stopping connection
